TN:
SF:/sdk1/wda_stable/openwrt/wda/src/hashtable-linux-kernel/test/test_deque.c
FN:6,setUp
FNDA:6,setUp
FN:7,tearDown
FNDA:6,tearDown
FN:9,test_deque_create
FNDA:6,test_deque_create
FN:44,main
FNDA:6,main
DA:6,6
DA:7,6
DA:9,6
DA:11,6
DA:14,6
DA:15,6
DA:16,6
DA:20,6
DA:21,6
DA:22,6
DA:23,6
DA:24,6
DA:25,6
DA:30,6
DA:31,6
DA:32,6
DA:33,6
DA:34,6
DA:35,6
DA:39,6
DA:41,6
DA:42,6
DA:44,6
DA:45,6
DA:46,6
DA:47,6
end_of_record
TN:
SF:/sdk1/wda_stable/openwrt/wda/src/hashtable-linux-kernel/test/test_hashtable.c
FN:9,setUp
FNDA:36,setUp
FN:10,tearDown
FNDA:36,tearDown
FN:13,mock_malloc
FNDA:6,mock_malloc
FN:21,free_entry
FNDA:0,free_entry
FN:27,add_string_to_hashtable
FNDA:58152,add_string_to_hashtable
FN:36,delete_string_from_hashtable
FNDA:55158,delete_string_from_hashtable
FN:53,find_string_in_hashtable
FNDA:18,find_string_in_hashtable
FN:65,test_create_hashtable_failed
FNDA:6,test_create_hashtable_failed
FN:78,test_create_hashtable
FNDA:6,test_create_hashtable
FN:95,test_add_to_ht
FNDA:6,test_add_to_ht
FN:115,test_delete_string_from_hashtable
FNDA:6,test_delete_string_from_hashtable
FN:140,test_add_and_delete_entries
FNDA:6,test_add_and_delete_entries
FN:179,test_add_delete_performance
FNDA:6,test_add_delete_performance
FN:248,main
FNDA:6,main
DA:9,36
DA:10,36
DA:13,6
DA:14,6
DA:21,58164
DA:22,58164
DA:23,58164
DA:24,58164
DA:25,0
DA:27,58152
DA:28,58152
DA:29,58152
DA:30,58152
DA:31,58152
DA:32,58152
DA:33,58152
DA:34,58152
DA:36,55158
DA:38,55158
DA:39,55158
DA:40,55158
DA:41,55158
DA:43,138144
DA:44,82986
DA:45,55158
DA:46,55158
DA:47,55158
DA:53,18
DA:54,18
DA:55,18
DA:56,18
DA:57,36
DA:58,12
DA:59,12
DA:65,6
DA:66,6
DA:69,6
DA:71,6
DA:72,6
DA:75,6
DA:76,6
DA:78,6
DA:79,6
DA:81,6
DA:83,6
DA:85,6
DA:86,6
DA:87,6
DA:89,24582
DA:91,6
DA:95,6
DA:96,6
DA:97,6
DA:99,6
DA:100,6
DA:101,6
DA:102,6
DA:103,6
DA:105,6
DA:106,6
DA:108,6
DA:109,6
DA:112,6162
DA:113,6
DA:115,6
DA:116,6
DA:118,6
DA:119,6
DA:121,6
DA:122,6
DA:124,6
DA:125,6
DA:126,6
DA:128,6
DA:129,6
DA:131,6
DA:132,6
DA:134,6
DA:135,6
DA:137,6150
DA:138,6
DA:140,6
DA:141,6
DA:142,6
DA:149,6006
DA:150,6000
DA:151,6000
DA:155,12150
DA:156,6
DA:159,6006
DA:160,6000
DA:163,9153000
DA:165,6000
DA:166,6000
DA:169,9153000
DA:172,6000
DA:176,6150
DA:177,6
DA:179,6
DA:180,6
DA:181,6
DA:182,6
DA:183,6
DA:186,6
DA:187,6
DA:189,6
DA:190,6
DA:191,6
DA:192,6
DA:195,3006
DA:196,3000
DA:197,3000
DA:198,3000
DA:199,3000
DA:200,3000
DA:201,3000
DA:204,199614
DA:207,6
DA:210,6
DA:211,3012
DA:213,3000
DA:215,6
DA:218,6
DA:219,49164
DA:220,49152
DA:221,49152
DA:222,49152
DA:224,6
DA:225,6
DA:227,6
DA:228,6
DA:230,6
DA:231,0
DA:235,49158
DA:236,49152
DA:237,49152
DA:238,49152
DA:242,196614
DA:243,6
DA:245,196620
DA:246,6
DA:248,6
DA:249,6
DA:251,6
DA:252,6
DA:253,6
DA:254,6
DA:255,6
DA:256,6
DA:258,6
end_of_record
SF:/sdk1/wda_stable/openwrt/wda/src/hashtable-linux-kernel/list.h
DA:609,3006
DA:611,3006
DA:612,3006
DA:613,3006
DA:615,3006
DA:617,3006
DA:625,58164
DA:627,58164
DA:628,58164
DA:630,58164
DA:631,58164
DA:632,0
DA:635,55158
DA:637,55158
DA:638,55158
DA:639,55158
DA:642,3006
DA:644,3006
DA:645,3006
DA:646,3006
DA:650,58164
DA:652,58164
DA:653,58164
DA:654,58164
DA:655,20046
DA:656,58164
DA:657,12
end_of_record
SF:/sdk1/wda_stable/openwrt/wda/src/hashtable-linux-kernel/compiler.h
DA:157,58164
DA:159,58164
DA:163,58164
end_of_record
SF:/sdk1/wda_stable/openwrt/wda/src/hashtable-linux-kernel/hashtable.h
DA:75,113340
DA:76,113340
DA:354,3006
DA:355,6012
end_of_record
SF:/sdk1/wda_stable/openwrt/wda/src/hashtable-linux-kernel/hash.h
FN:164,hash_time33
FNDA:113340,hash_time33
DA:164,113340
DA:166,113340
DA:168,226416
DA:169,113076
DA:170,113076
DA:171,113076
DA:172,113076
DA:173,113076
DA:174,113076
DA:175,113076
DA:176,113076
DA:179,113340
DA:180,300
DA:181,300
DA:182,300
DA:183,300
DA:184,300
DA:185,86604
DA:186,110610
DA:191,113340
end_of_record
TN:
SF:/sdk1/wda_stable/openwrt/wda/src/hashtable-linux-kernel/test/test_assoc_array.c
FN:15,mock_malloc
FNDA:12,mock_malloc
FN:19,mock_ht_create
FNDA:6,mock_ht_create
FN:23,setUp
FNDA:204,setUp
FN:24,tearDown
FNDA:204,tearDown
FN:26,free_entry
FNDA:3234,free_entry
FN:36,test_array_create_failure
FNDA:6,test_array_create_failure
FN:50,test_array_create_default
FNDA:12,test_array_create_default
FN:63,test_array_create
FNDA:42,test_array_create
FN:77,test_array_free_empty
FNDA:36,test_array_free_empty
FN:86,test_array_free_non_empty
FNDA:30,test_array_free_non_empty
FN:95,mock_array_fill_func
FNDA:6,mock_array_fill_func
FN:99,test_array_create_add_failure_free
FNDA:6,test_array_create_add_failure_free
FN:112,test_array_create_add_failure2_free
FNDA:6,test_array_create_add_failure2_free
FN:126,test_array_add
FNDA:30,test_array_add
FN:136,test_array_add_with_null
FNDA:12,test_array_add_with_null
FN:147,test_array_get_by_key
FNDA:12,test_array_get_by_key
FN:156,test_array_get_by_key_with_null
FNDA:12,test_array_get_by_key_with_null
FN:164,test_array_del
FNDA:6,test_array_del
FN:173,test_array_del_first
FNDA:6,test_array_del_first
FN:178,test_array_del_last
FNDA:6,test_array_del_last
FN:184,test_array_add_replace
FNDA:6,test_array_add_replace
FN:219,test_array_create_fill_half_capacity_del_free
FNDA:6,test_array_create_fill_half_capacity_del_free
FN:269,test_array_create_get_first_get_last_with_multiple_entries_free
FNDA:6,test_array_create_get_first_get_last_with_multiple_entries_free
FN:305,main
FNDA:6,main
DA:15,12
DA:16,12
DA:19,6
DA:20,6
DA:23,204
DA:24,204
DA:26,3234
DA:27,3234
DA:29,3234
DA:31,3234
DA:33,3234
DA:34,3234
DA:36,6
DA:37,6
DA:38,6
DA:39,6
DA:40,6
DA:41,6
DA:44,6
DA:45,6
DA:46,6
DA:47,6
DA:48,6
DA:50,12
DA:51,12
DA:52,12
DA:54,12
DA:56,12
DA:57,12
DA:58,12
DA:59,12
DA:61,12
DA:63,42
DA:64,42
DA:65,42
DA:67,42
DA:69,42
DA:70,42
DA:71,42
DA:72,42
DA:73,42
DA:75,42
DA:77,36
DA:78,36
DA:79,36
DA:81,36
DA:82,36
DA:83,36
DA:84,36
DA:86,30
DA:87,30
DA:88,30
DA:90,30
DA:91,30
DA:92,30
DA:93,30
DA:95,6
DA:96,6
DA:99,6
DA:101,6
DA:104,6
DA:106,6
DA:109,6
DA:110,6
DA:112,6
DA:114,6
DA:117,6
DA:118,6
DA:120,6
DA:123,6
DA:124,6
DA:126,30
DA:128,30
DA:129,30
DA:130,30
DA:132,30
DA:133,30
DA:134,30
DA:136,12
DA:138,12
DA:139,12
DA:140,12
DA:142,12
DA:143,12
DA:144,12
DA:145,12
DA:147,12
DA:149,12
DA:151,12
DA:152,12
DA:153,12
DA:154,12
DA:156,12
DA:158,12
DA:160,12
DA:161,12
DA:162,12
DA:164,6
DA:166,6
DA:168,6
DA:169,6
DA:170,6
DA:171,6
DA:173,6
DA:174,6
DA:175,6
DA:176,6
DA:177,6
DA:178,6
DA:179,6
DA:180,6
DA:181,6
DA:182,6
DA:184,6
DA:185,6
DA:187,6
DA:188,6
DA:189,6
DA:191,6
DA:192,6
DA:193,6
DA:195,6
DA:196,6
DA:198,6
DA:199,6
DA:202,6
DA:204,6
DA:205,6
DA:206,6
DA:208,6
DA:209,6
DA:210,6
DA:211,6
DA:213,6
DA:214,6
DA:215,6
DA:216,6
DA:217,6
DA:219,6
DA:220,6
DA:221,6
DA:222,6
DA:228,3078
DA:229,3072
DA:230,3072
DA:231,3072
DA:232,3072
DA:234,3072
DA:235,3072
DA:236,3072
DA:240,6
DA:243,1542
DA:244,1536
DA:245,1536
DA:246,1536
DA:247,1536
DA:248,1536
DA:252,6
DA:255,1542
DA:256,1536
DA:257,1536
DA:258,1536
DA:259,1536
DA:260,1536
DA:261,1536
DA:262,1536
DA:266,6
DA:267,6
DA:269,6
DA:271,6
DA:272,6
DA:274,6
DA:275,6
DA:276,6
DA:277,6
DA:280,126
DA:281,120
DA:282,120
DA:285,120
DA:286,120
DA:289,120
DA:293,6
DA:294,6
DA:295,6
DA:296,6
DA:298,6
DA:299,6
DA:302,6
DA:303,6
DA:305,6
DA:306,6
DA:308,6
DA:309,6
DA:310,6
DA:311,6
DA:312,6
DA:313,6
DA:315,6
DA:316,6
DA:317,6
DA:320,6
DA:321,6
DA:322,6
DA:323,6
DA:324,6
DA:325,6
DA:326,6
DA:328,6
DA:329,6
DA:330,6
DA:331,6
DA:332,6
DA:333,6
DA:334,6
DA:336,6
DA:337,6
DA:338,6
DA:339,6
DA:340,6
DA:342,6
DA:343,6
DA:344,6
DA:345,6
DA:347,6
DA:348,6
DA:349,6
DA:350,6
DA:351,6
DA:352,6
DA:353,6
DA:355,6
DA:356,6
DA:358,6
end_of_record
TN:
SF:/sdk1/wda_stable/openwrt/wda/src/hashtable-linux-kernel/test/test_assoc_array_net_data.c
FN:9,setUp
FNDA:6,setUp
FN:10,tearDown
FNDA:6,tearDown
FN:30,free_entry
FNDA:1542,free_entry
FN:45,fill_entry
FNDA:1542,fill_entry
FN:56,test_mac_node_operations
FNDA:6,test_mac_node_operations
FN:118,main
FNDA:6,main
DA:9,6
DA:10,6
DA:30,1542
DA:31,1542
DA:32,1542
DA:34,1542
DA:35,1542
DA:38,1542
DA:42,1542
DA:43,1542
DA:45,1542
DA:48,1542
DA:49,1542
DA:50,1542
DA:51,1542
DA:56,6
DA:58,6
DA:59,6
DA:62,1542
DA:63,1536
DA:64,1536
DA:65,0
DA:66,0
DA:67,0
DA:69,1536
DA:70,10752
DA:71,9216
DA:73,1536
DA:74,1536
DA:75,1536
DA:78,1536
DA:79,1536
DA:82,1536
DA:86,6
DA:87,6
DA:88,0
DA:89,0
DA:90,0
DA:94,6
DA:95,6
DA:96,0
DA:97,0
DA:98,0
DA:100,6
DA:101,42
DA:102,36
DA:104,6
DA:106,6
DA:107,6
DA:110,6
DA:111,0
DA:114,6
DA:118,6
DA:119,6
DA:120,6
DA:122,6
end_of_record
TN:
SF:/usr/include/x86_64-linux-musl/math.h
DA:55,0
DA:57,0
DA:58,0
DA:59,0
end_of_record
SF:/sdk1/wda_stable/openwrt/wda/src/hashtable-linux-kernel/unity/src/unity.c
FN:80,UnityPrintChar
FNDA:2313,UnityPrintChar
FN:130,UnityPrint
FNDA:0,UnityPrint
FN:152,UnityPrintLen
FNDA:0,UnityPrintLen
FN:190,UnityPrintNumberByStyle
FNDA:0,UnityPrintNumberByStyle
FN:241,UnityPrintNumber
FNDA:54,UnityPrintNumber
FN:256,UnityPrintNumberUnsigned
FNDA:54,UnityPrintNumberUnsigned
FN:275,UnityPrintNumberHex
FNDA:0,UnityPrintNumberHex
FN:301,UnityPrintMask
FNDA:0,UnityPrintMask
FN:336,UnityPrintFloat
FNDA:0,UnityPrintFloat
FN:490,UnityTestResultsBegin
FNDA:42,UnityTestResultsBegin
FN:533,UnityTestResultsFailBegin
FNDA:0,UnityTestResultsFailBegin
FN:541,UnityConcludeTest
FNDA:42,UnityConcludeTest
FN:565,UnityAddMsgIfSpecified
FNDA:0,UnityAddMsgIfSpecified
FN:592,UnityPrintExpectedAndActualStrings
FNDA:0,UnityPrintExpectedAndActualStrings
FN:619,UnityPrintExpectedAndActualStringsLen
FNDA:0,UnityPrintExpectedAndActualStringsLen
FN:652,UnityIsOneArrayNull
FNDA:0,UnityIsOneArrayNull
FN:686,UnityAssertBits
FNDA:0,UnityAssertBits
FN:707,UnityAssertEqualNumber
FNDA:3611,UnityAssertEqualNumber
FN:728,UnityAssertGreaterOrLessOrEqualNumber
FNDA:5,UnityAssertGreaterOrLessOrEqualNumber
FN:775,UnityAssertEqualIntArray
FNDA:0,UnityAssertEqualIntArray
FN:898,UnityFloatsWithin
FNDA:0,UnityFloatsWithin
FN:905,UnityAssertEqualFloatArray
FNDA:0,UnityAssertEqualFloatArray
FN:953,UnityAssertFloatsWithin
FNDA:0,UnityAssertFloatsWithin
FN:972,UnityAssertFloatSpecial
FNDA:0,UnityAssertFloatSpecial
FN:1178,UnityAssertNumbersWithin
FNDA:0,UnityAssertNumbersWithin
FN:1225,UnityAssertNumbersArrayWithin
FNDA:0,UnityAssertNumbersArrayWithin
FN:1345,UnityAssertEqualString
FNDA:6,UnityAssertEqualString
FN:1384,UnityAssertEqualStringLen
FNDA:0,UnityAssertEqualStringLen
FN:1424,UnityAssertEqualStringArray
FNDA:0,UnityAssertEqualStringArray
FN:1503,UnityAssertEqualMemory
FNDA:0,UnityAssertEqualMemory
FN:1584,UnityNumToPtr
FNDA:0,UnityNumToPtr
FN:1610,UnityFloatToPtr
FNDA:0,UnityFloatToPtr
FN:1758,UnityFail
FNDA:0,UnityFail
FN:1795,UnityIgnore
FNDA:0,UnityIgnore
FN:1811,UnityMessage
FNDA:0,UnityMessage
FN:1827,UnityDefaultTestRun
FNDA:42,UnityDefaultTestRun
FN:1849,UnitySetTestFile
FNDA:0,UnitySetTestFile
FN:1855,UnityBegin
FNDA:4,UnityBegin
FN:1871,UnityEnd
FNDA:4,UnityEnd
DA:80,2313
DA:83,2313
DA:85,2313
DA:88,0
DA:90,0
DA:91,0
DA:94,0
DA:96,0
DA:97,0
DA:102,0
DA:103,0
DA:104,0
DA:106,2313
DA:130,142
DA:132,130
DA:134,0
DA:136,2459
DA:146,2313
DA:147,2313
DA:150,0
DA:152,0
DA:154,0
DA:156,0
DA:158,0
DA:161,0
DA:163,0
DA:166,0
DA:168,0
DA:169,0
DA:172,0
DA:174,0
DA:175,0
DA:180,0
DA:181,0
DA:182,0
DA:184,0
DA:187,0
DA:190,0
DA:192,0
DA:194,0
DA:197,0
DA:198,0
DA:200,0
DA:203,0
DA:205,0
DA:206,0
DA:209,0
DA:211,0
DA:212,0
DA:217,0
DA:218,0
DA:219,0
DA:221,0
DA:225,0
DA:228,0
DA:230,0
DA:234,0
DA:235,0
DA:236,0
DA:238,0
DA:241,54
DA:243,54
DA:245,54
DA:248,0
DA:249,0
DA:251,54
DA:252,54
DA:256,54
DA:258,54
DA:261,138
DA:263,84
DA:267,138
DA:269,138
DA:270,138
DA:271,138
DA:272,54
DA:275,0
DA:277,0
DA:278,0
DA:280,0
DA:282,0
DA:285,0
DA:287,0
DA:288,0
DA:289,0
DA:291,0
DA:295,0
DA:298,0
DA:301,0
DA:303,0
DA:304,0
DA:306,0
DA:308,0
DA:310,0
DA:312,0
DA:316,0
DA:321,0
DA:323,0
DA:325,0
DA:336,0
DA:343,0
DA:344,0
DA:345,0
DA:348,0
DA:351,0
DA:353,0
DA:354,0
DA:358,0
DA:360,0
DA:362,0
DA:364,0
DA:366,0
DA:368,0
DA:372,0
DA:373,0
DA:374,0
DA:375,0
DA:384,0
DA:386,0
DA:388,0
DA:389,0
DA:393,0
DA:395,0
DA:397,0
DA:398,0
DA:409,0
DA:410,0
DA:411,0
DA:413,0
DA:415,0
DA:419,0
DA:423,0
DA:424,0
DA:427,0
DA:429,0
DA:431,0
DA:432,0
DA:436,0
DA:437,0
DA:440,0
DA:442,0
DA:443,0
DA:448,0
DA:450,0
DA:451,0
DA:453,0
DA:455,0
DA:456,0
DA:460,0
DA:462,0
DA:464,0
DA:466,0
DA:467,0
DA:471,0
DA:475,0
DA:477,0
DA:478,0
DA:480,0
DA:482,0
DA:486,0
DA:490,42
DA:521,42
DA:522,42
DA:523,42
DA:524,42
DA:525,42
DA:526,42
DA:530,42
DA:533,0
DA:535,0
DA:536,0
DA:537,0
DA:538,0
DA:541,42
DA:543,42
DA:545,0
DA:547,42
DA:549,42
DA:550,42
DA:554,0
DA:557,42
DA:558,42
DA:559,42
DA:560,42
DA:561,42
DA:562,42
DA:565,0
DA:567,0
DA:569,0
DA:575,0
DA:577,0
DA:578,0
DA:579,0
DA:581,0
DA:582,0
DA:584,0
DA:587,0
DA:589,0
DA:592,0
DA:594,0
DA:595,0
DA:597,0
DA:598,0
DA:599,0
DA:603,0
DA:605,0
DA:606,0
DA:608,0
DA:609,0
DA:610,0
DA:614,0
DA:616,0
DA:619,0
DA:623,0
DA:624,0
DA:626,0
DA:627,0
DA:628,0
DA:632,0
DA:634,0
DA:635,0
DA:637,0
DA:638,0
DA:639,0
DA:643,0
DA:645,0
DA:652,0
DA:658,0
DA:661,0
DA:663,0
DA:664,0
DA:665,0
DA:666,0
DA:670,0
DA:672,0
DA:673,0
DA:674,0
DA:675,0
DA:686,0
DA:692,0
DA:694,0
DA:696,0
DA:697,0
DA:698,0
DA:699,0
DA:700,0
DA:701,0
DA:702,0
DA:704,0
DA:707,3611
DA:713,3611
DA:715,3611
DA:717,0
DA:718,0
DA:719,0
DA:720,0
DA:721,0
DA:722,0
DA:723,0
DA:725,3611
DA:728,5
DA:735,5
DA:736,5
DA:738,5
DA:739,5
DA:741,5
DA:743,0
DA:744,0
DA:748,5
DA:749,5
DA:752,5
DA:754,0
DA:755,0
DA:756,0
DA:757,0
DA:758,0
DA:759,0
DA:760,0
DA:761,0
DA:762,0
DA:763,0
DA:775,0
DA:783,0
DA:784,0
DA:785,0
DA:787,0
DA:789,0
DA:791,0
DA:794,0
DA:799,0
DA:801,0
DA:804,0
DA:806,0
DA:807,0
DA:809,0
DA:811,0
DA:812,0
DA:813,0
DA:814,0
DA:815,0
DA:817,0
DA:818,0
DA:819,0
DA:820,0
DA:821,0
DA:824,0
DA:825,0
DA:826,0
DA:827,0
DA:828,0
DA:831,0
DA:833,0
DA:834,0
DA:835,0
DA:836,0
DA:837,0
DA:840,0
DA:842,0
DA:844,0
DA:845,0
DA:846,0
DA:847,0
DA:849,0
DA:850,0
DA:851,0
DA:852,0
DA:853,0
DA:854,0
DA:855,0
DA:856,0
DA:857,0
DA:860,0
DA:862,0
DA:864,0
DA:898,0
DA:900,0
DA:901,0
DA:905,0
DA:912,0
DA:913,0
DA:914,0
DA:916,0
DA:918,0
DA:920,0
DA:923,0
DA:928,0
DA:930,0
DA:933,0
DA:935,0
DA:937,0
DA:938,0
DA:939,0
DA:940,0
DA:941,0
DA:942,0
DA:944,0
DA:946,0
DA:948,0
DA:953,0
DA:959,0
DA:962,0
DA:964,0
DA:965,0
DA:966,0
DA:967,0
DA:969,0
DA:972,0
DA:977,0
DA:978,0
DA:979,0
DA:980,0
DA:982,0
DA:984,0
DA:988,0
DA:989,0
DA:992,0
DA:993,0
DA:997,0
DA:998,0
DA:1002,0
DA:1003,0
DA:1005,0
DA:1006,0
DA:1007,0
DA:1008,0
DA:1011,0
DA:1013,0
DA:1014,0
DA:1015,0
DA:1017,0
DA:1019,0
DA:1020,0
DA:1022,0
DA:1030,0
DA:1031,0
DA:1033,0
DA:1178,0
DA:1185,0
DA:1187,0
DA:1189,0
DA:1191,0
DA:1195,0
DA:1200,0
DA:1202,0
DA:1206,0
DA:1210,0
DA:1212,0
DA:1213,0
DA:1214,0
DA:1215,0
DA:1216,0
DA:1217,0
DA:1218,0
DA:1219,0
DA:1220,0
DA:1222,0
DA:1225,0
DA:1234,0
DA:1235,0
DA:1236,0
DA:1238,0
DA:1240,0
DA:1242,0
DA:1245,0
DA:1250,0
DA:1252,0
DA:1255,0
DA:1257,0
DA:1258,0
DA:1260,0
DA:1262,0
DA:1263,0
DA:1264,0
DA:1265,0
DA:1266,0
DA:1268,0
DA:1269,0
DA:1270,0
DA:1271,0
DA:1272,0
DA:1275,0
DA:1276,0
DA:1277,0
DA:1278,0
DA:1279,0
DA:1282,0
DA:1284,0
DA:1285,0
DA:1286,0
DA:1287,0
DA:1288,0
DA:1291,0
DA:1293,0
DA:1295,0
DA:1299,0
DA:1304,0
DA:1306,0
DA:1310,0
DA:1314,0
DA:1316,0
DA:1318,0
DA:1319,0
DA:1320,0
DA:1321,0
DA:1323,0
DA:1324,0
DA:1325,0
DA:1326,0
DA:1327,0
DA:1328,0
DA:1329,0
DA:1330,0
DA:1331,0
DA:1332,0
DA:1333,0
DA:1336,0
DA:1338,0
DA:1340,0
DA:1345,6
DA:1350,6
DA:1352,6
DA:1355,6
DA:1357,55
DA:1359,49
DA:1361,0
DA:1362,0
DA:1368,0
DA:1370,0
DA:1374,6
DA:1376,0
DA:1377,0
DA:1378,0
DA:1379,0
DA:1381,6
DA:1384,0
DA:1390,0
DA:1392,0
DA:1395,0
DA:1397,0
DA:1399,0
DA:1401,0
DA:1402,0
DA:1408,0
DA:1410,0
DA:1414,0
DA:1416,0
DA:1417,0
DA:1418,0
DA:1419,0
DA:1421,0
DA:1424,0
DA:1431,0
DA:1432,0
DA:1433,0
DA:1434,0
DA:1436,0
DA:1439,0
DA:1441,0
DA:1444,0
DA:1449,0
DA:1451,0
DA:1454,0
DA:1456,0
DA:1459,0
DA:1461,0
DA:1462,0
DA:1464,0
DA:1468,0
DA:1470,0
DA:1472,0
DA:1474,0
DA:1475,0
DA:1481,0
DA:1483,0
DA:1487,0
DA:1489,0
DA:1490,0
DA:1492,0
DA:1493,0
DA:1495,0
DA:1496,0
DA:1497,0
DA:1499,0
DA:1503,0
DA:1511,0
DA:1512,0
DA:1513,0
DA:1514,0
DA:1516,0
DA:1518,0
DA:1520,0
DA:1523,0
DA:1528,0
DA:1530,0
DA:1533,0
DA:1536,0
DA:1538,0
DA:1540,0
DA:1541,0
DA:1542,0
DA:1544,0
DA:1545,0
DA:1547,0
DA:1548,0
DA:1549,0
DA:1550,0
DA:1551,0
DA:1552,0
DA:1553,0
DA:1554,0
DA:1556,0
DA:1557,0
DA:1559,0
DA:1561,0
DA:1584,0
DA:1586,0
DA:1588,0
DA:1589,0
DA:1590,0
DA:1592,0
DA:1593,0
DA:1594,0
DA:1597,0
DA:1598,0
DA:1599,0
DA:1602,0
DA:1603,0
DA:1604,0
DA:1610,0
DA:1612,0
DA:1613,0
DA:1758,0
DA:1760,0
DA:1762,0
DA:1763,0
DA:1764,0
DA:1766,0
DA:1772,0
DA:1774,0
DA:1775,0
DA:1776,0
DA:1778,0
DA:1779,0
DA:1781,0
DA:1784,0
DA:1786,0
DA:1788,0
DA:1791,0
DA:1795,0
DA:1797,0
DA:1799,0
DA:1800,0
DA:1801,0
DA:1803,0
DA:1804,0
DA:1805,0
DA:1807,0
DA:1811,0
DA:1813,0
DA:1814,0
DA:1815,0
DA:1817,0
DA:1818,0
DA:1819,0
DA:1821,0
DA:1822,0
DA:1827,42
DA:1829,42
DA:1830,42
DA:1831,42
DA:1832,42
DA:1833,42
DA:1834,42
DA:1836,42
DA:1837,42
DA:1839,42
DA:1841,42
DA:1843,42
DA:1844,42
DA:1845,42
DA:1849,0
DA:1851,0
DA:1852,0
DA:1855,4
DA:1857,4
DA:1858,4
DA:1859,4
DA:1860,4
DA:1861,4
DA:1862,4
DA:1863,4
DA:1864,4
DA:1866,4
DA:1867,4
DA:1868,4
DA:1871,4
DA:1873,4
DA:1874,4
DA:1875,4
DA:1876,4
DA:1877,4
DA:1878,4
DA:1879,4
DA:1880,4
DA:1881,4
DA:1882,4
DA:1883,4
DA:1885,4
DA:1889,4
DA:1894,4
DA:1895,4
DA:1896,4
DA:1897,4
end_of_record
TN:
SF:/sdk1/wda_stable/openwrt/wda/src/hashtable-linux-kernel/mock_mem_functions.c
FN:8,set_memory_functions
FNDA:12,set_memory_functions
DA:8,12
DA:9,12
DA:10,12
DA:11,12
DA:12,12
end_of_record
TN:
SF:/sdk1/wda_stable/openwrt/wda/src/hashtable-linux-kernel/hash.h
FN:164,hash_time33
FNDA:3658,hash_time33
DA:164,3658
DA:166,3658
DA:168,5754
DA:169,2096
DA:170,2096
DA:171,2096
DA:172,2096
DA:173,2096
DA:174,2096
DA:175,2096
DA:176,2096
DA:179,3658
DA:180,450
DA:181,1546
DA:182,1566
DA:183,1566
DA:184,1566
DA:185,1566
DA:186,1598
DA:191,3658
end_of_record
SF:/sdk1/wda_stable/openwrt/wda/src/hashtable-linux-kernel/assoc_array.c
FN:15,set_ht_create
FNDA:4,set_ht_create
FN:19,fill_assoc_array_entry
FNDA:1080,fill_assoc_array_entry
FN:30,free_assoc_array_entry
FNDA:2,free_assoc_array_entry
FN:39,array_create
FNDA:28,array_create
FN:68,array_get_by_key
FNDA:2068,array_get_by_key
FN:88,array_add
FNDA:1602,array_add
FN:111,array_del
FNDA:1544,array_del
FN:124,array_add_replace
FNDA:518,array_add_replace
FN:131,array_free
FNDA:24,array_free
FN:152,array_get_first
FNDA:2,array_get_first
FN:156,array_get_last
FNDA:4,array_get_last
FN:160,_array_del_first
FNDA:6,_array_del_first
FN:181,array_del_first
FNDA:2,array_del_first
FN:185,array_del_last
FNDA:4,array_del_last
DA:15,4
DA:16,4
DA:17,4
DA:19,1080
DA:20,1080
DA:21,1080
DA:22,1080
DA:23,1080
DA:24,1080
DA:25,1080
DA:30,2
DA:31,2
DA:32,2
DA:33,2
DA:34,2
DA:35,2
DA:39,28
DA:42,28
DA:43,28
DA:44,2
DA:45,2
DA:49,26
DA:50,26
DA:51,2
DA:52,2
DA:53,2
DA:57,24
DA:60,24
DA:62,24
DA:63,24
DA:65,24
DA:68,2068
DA:69,2068
DA:71,2064
DA:72,2064
DA:74,2064
DA:75,2064
DA:78,6508
DA:81,2098
DA:82,524
DA:88,1602
DA:89,1602
DA:90,1598
DA:91,1598
DA:92,2
DA:93,2
DA:96,1596
DA:97,1596
DA:98,2
DA:99,2
DA:100,2
DA:103,1594
DA:104,1594
DA:105,1594
DA:106,1594
DA:108,1594
DA:111,1544
DA:112,1544
DA:113,1544
DA:115,1544
DA:117,516
DA:118,516
DA:119,516
DA:120,516
DA:121,516
DA:124,518
DA:125,518
DA:126,518
DA:128,518
DA:131,24
DA:132,24
DA:135,24648
DA:138,24
DA:140,24
DA:143,6
DA:144,6
DA:145,6
DA:146,2
DA:148,4
DA:152,2
DA:153,2
DA:156,4
DA:157,4
DA:160,6
DA:161,6
DA:162,6
DA:163,6
DA:164,2
DA:166,4
DA:168,6
DA:171,6
DA:172,6
DA:175,6
DA:176,6
DA:178,6
DA:181,2
DA:182,2
DA:185,4
DA:186,4
end_of_record
SF:/sdk1/wda_stable/openwrt/wda/src/hashtable-linux-kernel/compiler.h
DA:157,2116
DA:159,2116
DA:163,1796
end_of_record
SF:/sdk1/wda_stable/openwrt/wda/src/hashtable-linux-kernel/hashtable.h
DA:75,3658
DA:76,3658
DA:354,1072
DA:355,2144
end_of_record
SF:/sdk1/wda_stable/openwrt/wda/src/hashtable-linux-kernel/list.h
DA:25,24
DA:27,24
DA:28,24
DA:38,1594
DA:42,1594
DA:43,1594
DA:44,1594
DA:45,1594
DA:75,1594
DA:77,1594
DA:87,522
DA:89,522
DA:90,522
DA:105,522
DA:107,522
DA:108,522
DA:109,522
DA:187,12
DA:189,12
DA:609,1072
DA:611,1072
DA:612,1072
DA:613,1072
DA:615,1072
DA:617,1072
DA:625,1594
DA:627,1594
DA:628,1594
DA:630,1594
DA:631,1594
DA:632,416
DA:635,522
DA:637,522
DA:638,522
DA:639,522
DA:642,1072
DA:644,1072
DA:645,1072
DA:646,1072
DA:650,1594
DA:652,1594
DA:653,1594
DA:654,1594
DA:655,564
DA:656,1594
DA:657,1594
end_of_record
TN:
SF:/sdk1/wda_stable/openwrt/wda/src/hashtable-linux-kernel/compiler.h
DA:157,4
DA:159,4
DA:163,4
end_of_record
SF:/sdk1/wda_stable/openwrt/wda/src/hashtable-linux-kernel/list.h
DA:25,2
DA:27,2
DA:28,2
DA:38,4
DA:42,4
DA:43,4
DA:44,4
DA:45,4
DA:61,2
DA:63,2
DA:64,2
DA:75,2
DA:77,2
DA:78,2
DA:87,4
DA:89,4
DA:90,4
DA:105,4
DA:107,4
DA:108,4
DA:109,4
end_of_record
SF:/sdk1/wda_stable/openwrt/wda/src/hashtable-linux-kernel/deque.c
FN:9,deque_create
FNDA:2,deque_create
FN:17,_deq_push
FNDA:4,_deq_push
FN:29,deq_push_tail
FNDA:2,deq_push_tail
FN:33,deq_push_head
FNDA:2,deq_push_head
FN:37,deq_isempty
FNDA:2,deq_isempty
FN:41,deq_free
FNDA:2,deq_free
FN:49,_deq_pop
FNDA:0,_deq_pop
FN:66,deq_pop_tail
FNDA:2,deq_pop_tail
FN:70,deq_pop_head
FNDA:2,deq_pop_head
FN:75,_deq_get
FNDA:0,_deq_get
FN:89,deq_get_head
FNDA:2,deq_get_head
FN:93,deq_get_tail
FNDA:2,deq_get_tail
DA:9,2
DA:10,2
DA:11,2
DA:12,2
DA:13,2
DA:17,4
DA:18,4
DA:19,4
DA:20,4
DA:22,4
DA:23,2
DA:25,2
DA:27,4
DA:29,2
DA:30,2
DA:33,2
DA:34,2
DA:37,10
DA:38,10
DA:41,2
DA:42,2
DA:43,2
DA:44,0
DA:46,2
DA:47,2
DA:49,4
DA:50,0
DA:53,4
DA:54,0
DA:55,0
DA:57,0
DA:60,4
DA:61,4
DA:63,4
DA:66,2
DA:67,2
DA:70,2
DA:71,2
DA:75,4
DA:76,0
DA:79,4
DA:80,0
DA:81,2
DA:83,2
DA:89,2
DA:90,2
DA:93,2
DA:94,2
end_of_record
TN:
SF:/sdk1/wda_stable/openwrt/wda/src/hashtable-linux-kernel/hashtable.c
FN:13,ht_create
FNDA:40,ht_create
DA:13,40
DA:14,40
DA:15,40
DA:17,38
DA:18,38
DA:19,38
DA:20,2
DA:21,2
DA:24,36
end_of_record
SF:/sdk1/wda_stable/openwrt/wda/src/hashtable-linux-kernel/hashtable.h
DA:272,36
DA:273,36
DA:275,168996
DA:276,168960
end_of_record
