TN:
SF:/sdk1/wda_stable/openwrt/wda/src/hashtable-linux-kernel/hashtable.h
DA:272,131
DA:273,131
DA:275,6096517
DA:276,6096386
end_of_record
SF:/sdk1/wda_stable/openwrt/wda/src/hashtable-linux-kernel/hashtable.c
FN:13,ht_create
FNDA:140,ht_create
DA:13,140
DA:14,140
DA:15,140
DA:17,133
DA:18,133
DA:19,133
DA:20,2
DA:21,2
DA:24,131
end_of_record
TN:
SF:/sdk1/wda_stable/openwrt/wda/src/hashtable-linux-kernel/list.h
DA:25,7
DA:27,7
DA:28,7
DA:38,14
DA:42,14
DA:43,14
DA:44,14
DA:45,14
DA:61,7
DA:63,7
DA:64,7
DA:75,7
DA:77,7
DA:78,7
DA:87,14
DA:89,14
DA:90,14
DA:105,14
DA:107,14
DA:108,14
DA:109,14
end_of_record
SF:/sdk1/wda_stable/openwrt/wda/src/hashtable-linux-kernel/deque.c
FN:9,deque_create
FNDA:7,deque_create
FN:17,_deq_push
FNDA:14,_deq_push
FN:29,deq_push_tail
FNDA:7,deq_push_tail
FN:33,deq_push_head
FNDA:7,deq_push_head
FN:37,deq_isempty
FNDA:7,deq_isempty
FN:41,deq_free
FNDA:7,deq_free
FN:49,_deq_pop
FNDA:14,_deq_pop
FN:66,deq_pop_tail
FNDA:7,deq_pop_tail
FN:70,deq_pop_head
FNDA:7,deq_pop_head
FN:75,_deq_get
FNDA:0,_deq_get
FN:89,deq_get_head
FNDA:7,deq_get_head
FN:93,deq_get_tail
FNDA:7,deq_get_tail
DA:9,7
DA:10,7
DA:11,7
DA:12,7
DA:13,7
DA:17,14
DA:18,14
DA:19,14
DA:20,14
DA:22,14
DA:23,7
DA:25,7
DA:27,14
DA:29,7
DA:30,7
DA:33,7
DA:34,7
DA:37,35
DA:38,35
DA:41,7
DA:42,7
DA:43,7
DA:44,0
DA:46,7
DA:47,7
DA:49,14
DA:50,14
DA:53,14
DA:54,14
DA:55,7
DA:57,7
DA:60,14
DA:61,14
DA:63,14
DA:66,7
DA:67,7
DA:70,7
DA:71,7
DA:75,14
DA:76,0
DA:79,14
DA:80,0
DA:81,7
DA:83,7
DA:89,7
DA:90,7
DA:93,7
DA:94,7
end_of_record
SF:/sdk1/wda_stable/openwrt/wda/src/hashtable-linux-kernel/compiler.h
DA:157,14
DA:159,14
DA:163,14
end_of_record
TN:
SF:/usr/include/x86_64-linux-gnu/bits/stdio.h
DA:82,18525
DA:84,18525
end_of_record
SF:/sdk1/wda_stable/openwrt/wda/src/hashtable-linux-kernel/unity/src/unity.c
FN:80,UnityPrintChar
FNDA:16271,UnityPrintChar
FN:130,UnityPrint
FNDA:1027,UnityPrint
FN:152,UnityPrintLen
FNDA:0,UnityPrintLen
FN:190,UnityPrintNumberByStyle
FNDA:0,UnityPrintNumberByStyle
FN:241,UnityPrintNumber
FNDA:378,UnityPrintNumber
FN:256,UnityPrintNumberUnsigned
FNDA:378,UnityPrintNumberUnsigned
FN:275,UnityPrintNumberHex
FNDA:0,UnityPrintNumberHex
FN:301,UnityPrintMask
FNDA:0,UnityPrintMask
FN:336,UnityPrintFloat
FNDA:0,UnityPrintFloat
FN:490,UnityTestResultsBegin
FNDA:294,UnityTestResultsBegin
FN:533,UnityTestResultsFailBegin
FNDA:0,UnityTestResultsFailBegin
FN:541,UnityConcludeTest
FNDA:294,UnityConcludeTest
FN:565,UnityAddMsgIfSpecified
FNDA:0,UnityAddMsgIfSpecified
FN:592,UnityPrintExpectedAndActualStrings
FNDA:0,UnityPrintExpectedAndActualStrings
FN:619,UnityPrintExpectedAndActualStringsLen
FNDA:0,UnityPrintExpectedAndActualStringsLen
FN:652,UnityIsOneArrayNull
FNDA:0,UnityIsOneArrayNull
FN:686,UnityAssertBits
FNDA:0,UnityAssertBits
FN:707,UnityAssertEqualNumber
FNDA:25277,UnityAssertEqualNumber
FN:728,UnityAssertGreaterOrLessOrEqualNumber
FNDA:35,UnityAssertGreaterOrLessOrEqualNumber
FN:775,UnityAssertEqualIntArray
FNDA:0,UnityAssertEqualIntArray
FN:898,UnityFloatsWithin
FNDA:0,UnityFloatsWithin
FN:905,UnityAssertEqualFloatArray
FNDA:0,UnityAssertEqualFloatArray
FN:953,UnityAssertFloatsWithin
FNDA:0,UnityAssertFloatsWithin
FN:972,UnityAssertFloatSpecial
FNDA:0,UnityAssertFloatSpecial
FN:1178,UnityAssertNumbersWithin
FNDA:0,UnityAssertNumbersWithin
FN:1225,UnityAssertNumbersArrayWithin
FNDA:0,UnityAssertNumbersArrayWithin
FN:1345,UnityAssertEqualString
FNDA:42,UnityAssertEqualString
FN:1384,UnityAssertEqualStringLen
FNDA:0,UnityAssertEqualStringLen
FN:1424,UnityAssertEqualStringArray
FNDA:0,UnityAssertEqualStringArray
FN:1503,UnityAssertEqualMemory
FNDA:0,UnityAssertEqualMemory
FN:1584,UnityNumToPtr
FNDA:0,UnityNumToPtr
FN:1610,UnityFloatToPtr
FNDA:0,UnityFloatToPtr
FN:1758,UnityFail
FNDA:5,UnityFail
FN:1795,UnityIgnore
FNDA:0,UnityIgnore
FN:1811,UnityMessage
FNDA:0,UnityMessage
FN:1827,UnityDefaultTestRun
FNDA:299,UnityDefaultTestRun
FN:1849,UnitySetTestFile
FNDA:0,UnitySetTestFile
FN:1855,UnityBegin
FNDA:28,UnityBegin
FN:1871,UnityEnd
FNDA:28,UnityEnd
DA:80,16271
DA:83,16271
DA:85,16271
DA:88,0
DA:90,0
DA:91,0
DA:94,0
DA:96,0
DA:97,0
DA:102,0
DA:103,0
DA:104,0
DA:106,16271
DA:130,1027
DA:132,1027
DA:134,1027
DA:136,17298
DA:146,16271
DA:147,16271
DA:150,1027
DA:152,0
DA:154,0
DA:156,0
DA:158,0
DA:161,0
DA:163,0
DA:166,0
DA:168,0
DA:169,0
DA:172,0
DA:174,0
DA:175,0
DA:180,0
DA:181,0
DA:182,0
DA:184,0
DA:187,0
DA:190,0
DA:192,0
DA:194,0
DA:197,0
DA:198,0
DA:200,0
DA:203,0
DA:205,0
DA:206,0
DA:209,0
DA:211,0
DA:212,0
DA:217,0
DA:218,0
DA:219,0
DA:221,0
DA:225,0
DA:228,0
DA:230,0
DA:234,0
DA:235,0
DA:236,0
DA:238,0
DA:241,378
DA:243,378
DA:245,378
DA:248,0
DA:249,0
DA:251,378
DA:252,378
DA:256,378
DA:258,378
DA:261,961
DA:263,583
DA:267,961
DA:269,961
DA:270,961
DA:271,961
DA:272,378
DA:275,0
DA:277,0
DA:278,0
DA:280,0
DA:282,0
DA:285,0
DA:287,0
DA:288,0
DA:289,0
DA:291,0
DA:295,0
DA:298,0
DA:301,0
DA:303,0
DA:304,0
DA:306,0
DA:308,0
DA:310,0
DA:312,0
DA:316,0
DA:321,0
DA:323,0
DA:325,0
DA:336,0
DA:343,0
DA:344,0
DA:345,0
DA:348,0
DA:351,0
DA:353,0
DA:354,0
DA:358,0
DA:360,0
DA:362,0
DA:364,0
DA:366,0
DA:368,0
DA:372,0
DA:373,0
DA:374,0
DA:375,0
DA:384,0
DA:386,0
DA:388,0
DA:389,0
DA:393,0
DA:395,0
DA:397,0
DA:398,0
DA:409,0
DA:410,0
DA:411,0
DA:413,0
DA:415,0
DA:419,0
DA:423,0
DA:424,0
DA:427,0
DA:429,0
DA:431,0
DA:432,0
DA:436,0
DA:437,0
DA:440,0
DA:442,0
DA:443,0
DA:448,0
DA:450,0
DA:451,0
DA:453,0
DA:455,0
DA:456,0
DA:460,0
DA:462,0
DA:464,0
DA:466,0
DA:467,0
DA:471,0
DA:475,0
DA:477,0
DA:478,0
DA:480,0
DA:482,0
DA:486,0
DA:490,294
DA:521,294
DA:522,294
DA:523,294
DA:524,294
DA:525,294
DA:526,294
DA:530,294
DA:533,0
DA:535,0
DA:536,0
DA:537,0
DA:538,0
DA:541,294
DA:543,294
DA:545,0
DA:547,294
DA:549,289
DA:550,289
DA:554,5
DA:557,294
DA:558,294
DA:559,294
DA:560,294
DA:561,294
DA:562,294
DA:565,0
DA:567,0
DA:569,0
DA:575,0
DA:577,0
DA:578,0
DA:579,0
DA:581,0
DA:582,0
DA:584,0
DA:587,0
DA:589,0
DA:592,0
DA:594,0
DA:595,0
DA:597,0
DA:598,0
DA:599,0
DA:603,0
DA:605,0
DA:606,0
DA:608,0
DA:609,0
DA:610,0
DA:614,0
DA:616,0
DA:619,0
DA:623,0
DA:624,0
DA:626,0
DA:627,0
DA:628,0
DA:632,0
DA:634,0
DA:635,0
DA:637,0
DA:638,0
DA:639,0
DA:643,0
DA:645,0
DA:652,0
DA:658,0
DA:661,0
DA:663,0
DA:664,0
DA:665,0
DA:666,0
DA:670,0
DA:672,0
DA:673,0
DA:674,0
DA:675,0
DA:686,0
DA:692,0
DA:694,0
DA:696,0
DA:697,0
DA:698,0
DA:699,0
DA:700,0
DA:701,0
DA:702,0
DA:704,0
DA:707,25277
DA:713,25277
DA:715,25277
DA:717,0
DA:718,0
DA:719,0
DA:720,0
DA:721,0
DA:722,0
DA:723,0
DA:725,25277
DA:728,35
DA:735,35
DA:736,35
DA:738,35
DA:739,35
DA:741,35
DA:743,0
DA:744,0
DA:748,35
DA:749,35
DA:752,35
DA:754,0
DA:755,0
DA:756,0
DA:757,0
DA:758,0
DA:759,0
DA:760,0
DA:761,0
DA:762,0
DA:763,0
DA:775,0
DA:783,0
DA:784,0
DA:785,0
DA:787,0
DA:789,0
DA:791,0
DA:794,0
DA:799,0
DA:801,0
DA:804,0
DA:806,0
DA:807,0
DA:809,0
DA:811,0
DA:812,0
DA:813,0
DA:814,0
DA:815,0
DA:817,0
DA:818,0
DA:819,0
DA:820,0
DA:821,0
DA:824,0
DA:825,0
DA:826,0
DA:827,0
DA:828,0
DA:831,0
DA:833,0
DA:834,0
DA:835,0
DA:836,0
DA:837,0
DA:840,0
DA:842,0
DA:844,0
DA:845,0
DA:846,0
DA:847,0
DA:849,0
DA:850,0
DA:851,0
DA:852,0
DA:853,0
DA:854,0
DA:855,0
DA:856,0
DA:857,0
DA:860,0
DA:862,0
DA:864,0
DA:898,0
DA:900,0
DA:901,0
DA:905,0
DA:912,0
DA:913,0
DA:914,0
DA:916,0
DA:918,0
DA:920,0
DA:923,0
DA:928,0
DA:930,0
DA:933,0
DA:935,0
DA:937,0
DA:938,0
DA:939,0
DA:940,0
DA:941,0
DA:942,0
DA:944,0
DA:946,0
DA:948,0
DA:953,0
DA:959,0
DA:962,0
DA:964,0
DA:965,0
DA:966,0
DA:967,0
DA:969,0
DA:972,0
DA:977,0
DA:978,0
DA:979,0
DA:980,0
DA:982,0
DA:984,0
DA:986,0
DA:988,0
DA:989,0
DA:990,0
DA:992,0
DA:993,0
DA:995,0
DA:997,0
DA:998,0
DA:1000,0
DA:1002,0
DA:1003,0
DA:1005,0
DA:1006,0
DA:1007,0
DA:1008,0
DA:1011,0
DA:1013,0
DA:1014,0
DA:1015,0
DA:1017,0
DA:1019,0
DA:1020,0
DA:1022,0
DA:1030,0
DA:1031,0
DA:1033,0
DA:1178,0
DA:1185,0
DA:1187,0
DA:1189,0
DA:1191,0
DA:1195,0
DA:1200,0
DA:1202,0
DA:1206,0
DA:1210,0
DA:1212,0
DA:1213,0
DA:1214,0
DA:1215,0
DA:1216,0
DA:1217,0
DA:1218,0
DA:1219,0
DA:1220,0
DA:1222,0
DA:1225,0
DA:1234,0
DA:1235,0
DA:1236,0
DA:1238,0
DA:1240,0
DA:1242,0
DA:1245,0
DA:1250,0
DA:1252,0
DA:1255,0
DA:1257,0
DA:1258,0
DA:1260,0
DA:1262,0
DA:1263,0
DA:1264,0
DA:1265,0
DA:1266,0
DA:1268,0
DA:1269,0
DA:1270,0
DA:1271,0
DA:1272,0
DA:1275,0
DA:1276,0
DA:1277,0
DA:1278,0
DA:1279,0
DA:1282,0
DA:1284,0
DA:1285,0
DA:1286,0
DA:1287,0
DA:1288,0
DA:1291,0
DA:1293,0
DA:1295,0
DA:1299,0
DA:1304,0
DA:1306,0
DA:1310,0
DA:1314,0
DA:1316,0
DA:1318,0
DA:1319,0
DA:1320,0
DA:1321,0
DA:1323,0
DA:1324,0
DA:1325,0
DA:1326,0
DA:1327,0
DA:1328,0
DA:1329,0
DA:1330,0
DA:1331,0
DA:1332,0
DA:1333,0
DA:1336,0
DA:1338,0
DA:1340,0
DA:1345,42
DA:1350,42
DA:1352,42
DA:1355,42
DA:1357,385
DA:1359,343
DA:1361,0
DA:1362,0
DA:1368,0
DA:1370,0
DA:1374,42
DA:1376,0
DA:1377,0
DA:1378,0
DA:1379,0
DA:1381,42
DA:1384,0
DA:1390,0
DA:1392,0
DA:1395,0
DA:1397,0
DA:1399,0
DA:1401,0
DA:1402,0
DA:1408,0
DA:1410,0
DA:1414,0
DA:1416,0
DA:1417,0
DA:1418,0
DA:1419,0
DA:1421,0
DA:1424,0
DA:1431,0
DA:1432,0
DA:1433,0
DA:1434,0
DA:1436,0
DA:1439,0
DA:1441,0
DA:1444,0
DA:1449,0
DA:1451,0
DA:1454,0
DA:1456,0
DA:1459,0
DA:1461,0
DA:1462,0
DA:1464,0
DA:1468,0
DA:1470,0
DA:1472,0
DA:1474,0
DA:1475,0
DA:1481,0
DA:1483,0
DA:1487,0
DA:1489,0
DA:1490,0
DA:1492,0
DA:1493,0
DA:1495,0
DA:1496,0
DA:1497,0
DA:1499,0
DA:1503,0
DA:1511,0
DA:1512,0
DA:1513,0
DA:1514,0
DA:1516,0
DA:1518,0
DA:1520,0
DA:1523,0
DA:1528,0
DA:1530,0
DA:1533,0
DA:1536,0
DA:1538,0
DA:1540,0
DA:1541,0
DA:1542,0
DA:1544,0
DA:1545,0
DA:1547,0
DA:1548,0
DA:1549,0
DA:1550,0
DA:1551,0
DA:1552,0
DA:1553,0
DA:1554,0
DA:1556,0
DA:1557,0
DA:1559,0
DA:1561,0
DA:1584,0
DA:1586,0
DA:1588,0
DA:1589,0
DA:1590,0
DA:1592,0
DA:1593,0
DA:1594,0
DA:1597,0
DA:1598,0
DA:1599,0
DA:1602,0
DA:1603,0
DA:1604,0
DA:1610,0
DA:1612,0
DA:1613,0
DA:1758,5
DA:1760,5
DA:1762,5
DA:1763,5
DA:1764,5
DA:1766,5
DA:1772,5
DA:1774,0
DA:1775,0
DA:1776,0
DA:1778,0
DA:1779,0
DA:1781,0
DA:1784,5
DA:1786,0
DA:1788,5
DA:1791,5
DA:1795,0
DA:1797,0
DA:1799,0
DA:1800,0
DA:1801,0
DA:1803,0
DA:1804,0
DA:1805,0
DA:1807,0
DA:1811,0
DA:1813,0
DA:1814,0
DA:1815,0
DA:1817,0
DA:1818,0
DA:1819,0
DA:1821,0
DA:1822,0
DA:1827,294
DA:1829,294
DA:1830,294
DA:1831,294
DA:1832,294
DA:1833,294
DA:1834,299
DA:1836,294
DA:1837,294
DA:1839,294
DA:1841,294
DA:1843,294
DA:1844,294
DA:1845,294
DA:1849,0
DA:1851,0
DA:1852,0
DA:1855,28
DA:1857,28
DA:1858,28
DA:1859,28
DA:1860,28
DA:1861,28
DA:1862,28
DA:1863,28
DA:1864,28
DA:1866,28
DA:1867,28
DA:1868,28
DA:1871,28
DA:1873,28
DA:1874,28
DA:1875,28
DA:1876,28
DA:1877,28
DA:1878,28
DA:1879,28
DA:1880,28
DA:1881,28
DA:1882,28
DA:1883,28
DA:1885,23
DA:1889,5
DA:1894,28
DA:1895,28
DA:1896,28
DA:1897,28
end_of_record
TN:
SF:/sdk1/wda_stable/openwrt/wda/src/hashtable-linux-kernel/test/test_assoc_array.c
FN:15,mock_malloc
FNDA:14,mock_malloc
FN:19,mock_ht_create
FNDA:7,mock_ht_create
FN:23,setUp
FNDA:238,setUp
FN:24,tearDown
FNDA:238,tearDown
FN:26,free_entry
FNDA:3773,free_entry
FN:36,test_array_create_failure
FNDA:7,test_array_create_failure
FN:50,test_array_create_default
FNDA:14,test_array_create_default
FN:63,test_array_create
FNDA:49,test_array_create
FN:77,test_array_free_empty
FNDA:42,test_array_free_empty
FN:86,test_array_free_non_empty
FNDA:35,test_array_free_non_empty
FN:95,mock_array_fill_func
FNDA:7,mock_array_fill_func
FN:99,test_array_create_add_failure_free
FNDA:7,test_array_create_add_failure_free
FN:112,test_array_create_add_failure2_free
FNDA:7,test_array_create_add_failure2_free
FN:126,test_array_add
FNDA:35,test_array_add
FN:136,test_array_add_with_null
FNDA:14,test_array_add_with_null
FN:147,test_array_get_by_key
FNDA:14,test_array_get_by_key
FN:156,test_array_get_by_key_with_null
FNDA:14,test_array_get_by_key_with_null
FN:164,test_array_del
FNDA:7,test_array_del
FN:173,test_array_del_first
FNDA:7,test_array_del_first
FN:178,test_array_del_last
FNDA:7,test_array_del_last
FN:184,test_array_add_replace
FNDA:7,test_array_add_replace
FN:219,test_array_create_fill_half_capacity_del_free
FNDA:7,test_array_create_fill_half_capacity_del_free
FN:269,test_array_create_get_first_get_last_with_multiple_entries_free
FNDA:7,test_array_create_get_first_get_last_with_multiple_entries_free
FN:305,main
FNDA:7,main
DA:15,14
DA:16,14
DA:19,7
DA:20,7
DA:23,238
DA:24,238
DA:26,3773
DA:27,3773
DA:29,3773
DA:31,3773
DA:33,3773
DA:34,3773
DA:36,7
DA:37,7
DA:38,7
DA:39,7
DA:40,7
DA:41,7
DA:44,7
DA:45,7
DA:46,7
DA:47,7
DA:48,7
DA:50,14
DA:51,14
DA:52,14
DA:54,14
DA:56,14
DA:57,14
DA:58,14
DA:59,14
DA:61,14
DA:63,49
DA:64,49
DA:65,49
DA:67,49
DA:69,49
DA:70,49
DA:71,49
DA:72,49
DA:73,49
DA:75,49
DA:77,42
DA:78,42
DA:79,42
DA:81,42
DA:82,42
DA:83,42
DA:84,42
DA:86,35
DA:87,35
DA:88,35
DA:90,35
DA:91,35
DA:92,35
DA:93,35
DA:95,7
DA:96,7
DA:99,7
DA:101,7
DA:104,7
DA:106,7
DA:109,7
DA:110,7
DA:112,7
DA:114,7
DA:117,7
DA:118,7
DA:120,7
DA:123,7
DA:124,7
DA:126,35
DA:128,35
DA:129,35
DA:130,35
DA:132,35
DA:133,35
DA:134,35
DA:136,14
DA:138,14
DA:139,14
DA:140,14
DA:142,14
DA:143,14
DA:144,14
DA:145,14
DA:147,14
DA:149,14
DA:151,14
DA:152,14
DA:153,14
DA:154,14
DA:156,14
DA:158,14
DA:160,14
DA:161,14
DA:162,14
DA:164,7
DA:166,7
DA:168,7
DA:169,7
DA:170,7
DA:171,7
DA:173,7
DA:174,7
DA:175,7
DA:176,7
DA:177,7
DA:178,7
DA:179,7
DA:180,7
DA:181,7
DA:182,7
DA:184,7
DA:185,7
DA:187,7
DA:188,7
DA:189,7
DA:191,7
DA:192,7
DA:193,7
DA:195,7
DA:196,7
DA:198,7
DA:199,7
DA:202,7
DA:204,7
DA:205,7
DA:206,7
DA:208,7
DA:209,7
DA:210,7
DA:211,7
DA:213,7
DA:214,7
DA:215,7
DA:216,7
DA:217,7
DA:219,7
DA:220,7
DA:221,7
DA:222,7
DA:228,3591
DA:229,3584
DA:230,3584
DA:231,3584
DA:232,3584
DA:234,3584
DA:235,3584
DA:236,3584
DA:240,7
DA:243,1799
DA:244,1792
DA:245,1792
DA:246,1792
DA:247,1792
DA:248,1792
DA:252,7
DA:255,1799
DA:256,1792
DA:257,1792
DA:258,1792
DA:259,1792
DA:260,1792
DA:261,1792
DA:262,1792
DA:266,7
DA:267,7
DA:269,7
DA:271,7
DA:272,7
DA:274,7
DA:275,7
DA:276,7
DA:277,7
DA:280,147
DA:281,140
DA:282,140
DA:285,140
DA:286,140
DA:289,140
DA:293,7
DA:294,7
DA:295,7
DA:296,7
DA:298,7
DA:299,7
DA:302,7
DA:303,7
DA:305,7
DA:306,7
DA:308,7
DA:309,7
DA:310,7
DA:311,7
DA:312,7
DA:313,7
DA:315,7
DA:316,7
DA:317,7
DA:320,7
DA:321,7
DA:322,7
DA:323,7
DA:324,7
DA:325,7
DA:326,7
DA:328,7
DA:329,7
DA:330,7
DA:331,7
DA:332,7
DA:333,7
DA:334,7
DA:336,7
DA:337,7
DA:338,7
DA:339,7
DA:340,7
DA:342,7
DA:343,7
DA:344,7
DA:345,7
DA:347,7
DA:348,7
DA:349,7
DA:350,7
DA:351,7
DA:352,7
DA:353,7
DA:355,7
DA:356,7
DA:358,7
end_of_record
TN:
SF:/sdk1/wda_stable/openwrt/wda/src/hashtable-linux-kernel/hash.h
FN:164,hash_time33
FNDA:132230,hash_time33
DA:164,132230
DA:166,132230
DA:168,264152
DA:169,131922
DA:170,131922
DA:171,131922
DA:172,131922
DA:173,131922
DA:174,131922
DA:175,131922
DA:176,131922
DA:179,132230
DA:180,350
DA:181,350
DA:182,350
DA:183,350
DA:184,350
DA:185,101038
DA:186,129045
DA:191,132230
end_of_record
SF:/sdk1/wda_stable/openwrt/wda/src/hashtable-linux-kernel/compiler.h
DA:157,67858
DA:159,67858
DA:163,67858
end_of_record
SF:/sdk1/wda_stable/openwrt/wda/src/hashtable-linux-kernel/hashtable.h
DA:75,132230
DA:76,132230
DA:354,3507
DA:355,7014
end_of_record
SF:/sdk1/wda_stable/openwrt/wda/src/hashtable-linux-kernel/test/test_hashtable.c
FN:9,setUp
FNDA:42,setUp
FN:10,tearDown
FNDA:42,tearDown
FN:13,mock_malloc
FNDA:7,mock_malloc
FN:21,free_entry
FNDA:67858,free_entry
FN:27,add_string_to_hashtable
FNDA:67844,add_string_to_hashtable
FN:36,delete_string_from_hashtable
FNDA:64351,delete_string_from_hashtable
FN:53,find_string_in_hashtable
FNDA:21,find_string_in_hashtable
FN:65,test_create_hashtable_failed
FNDA:7,test_create_hashtable_failed
FN:78,test_create_hashtable
FNDA:7,test_create_hashtable
FN:95,test_add_to_ht
FNDA:7,test_add_to_ht
FN:115,test_delete_string_from_hashtable
FNDA:7,test_delete_string_from_hashtable
FN:140,test_add_and_delete_entries
FNDA:7,test_add_and_delete_entries
FN:179,test_add_delete_performance
FNDA:7,test_add_delete_performance
FN:248,main
FNDA:7,main
DA:9,42
DA:10,42
DA:13,7
DA:14,7
DA:21,67858
DA:22,67858
DA:23,67858
DA:24,67858
DA:25,67858
DA:27,67844
DA:28,67844
DA:29,67844
DA:30,67844
DA:31,67844
DA:32,67844
DA:33,67844
DA:34,67844
DA:36,64351
DA:38,64351
DA:39,64351
DA:40,64351
DA:41,64351
DA:43,96817
DA:44,96817
DA:45,64351
DA:46,64351
DA:47,64351
DA:53,21
DA:54,21
DA:55,21
DA:56,21
DA:57,21
DA:58,14
DA:59,14
DA:65,7
DA:66,7
DA:69,7
DA:71,7
DA:72,7
DA:75,7
DA:76,2
DA:78,7
DA:79,7
DA:81,7
DA:83,7
DA:85,7
DA:86,7
DA:87,7
DA:89,28679
DA:91,7
DA:95,7
DA:96,7
DA:97,7
DA:99,7
DA:100,7
DA:101,7
DA:102,7
DA:103,7
DA:105,7
DA:106,7
DA:108,7
DA:109,7
DA:112,7189
DA:113,7
DA:115,7
DA:116,7
DA:118,7
DA:119,7
DA:121,7
DA:122,7
DA:124,7
DA:125,7
DA:126,7
DA:128,7
DA:129,7
DA:131,7
DA:132,7
DA:134,7
DA:135,7
DA:137,7175
DA:138,7
DA:140,7
DA:141,7
DA:142,7
DA:149,7007
DA:150,7000
DA:151,7000
DA:155,14175
DA:156,7
DA:159,7007
DA:160,7000
DA:163,10678500
DA:165,7000
DA:166,7000
DA:169,10678500
DA:172,7000
DA:176,7175
DA:177,7
DA:179,7
DA:180,7
DA:181,7
DA:182,7
DA:183,7
DA:186,7
DA:187,7
DA:189,7
DA:190,7
DA:191,7
DA:192,7
DA:195,3507
DA:196,3500
DA:197,3500
DA:198,3500
DA:199,3500
DA:200,3500
DA:201,3500
DA:204,232883
DA:207,7
DA:210,7
DA:211,3514
DA:213,3500
DA:215,7
DA:218,7
DA:219,57358
DA:220,57344
DA:221,57344
DA:222,57344
DA:224,7
DA:225,7
DA:227,7
DA:228,7
DA:230,7
DA:231,0
DA:235,57351
DA:236,57344
DA:237,57344
DA:238,57344
DA:242,229383
DA:243,7
DA:245,229390
DA:246,7
DA:248,7
DA:249,7
DA:251,7
DA:252,7
DA:253,7
DA:254,7
DA:255,7
DA:256,7
DA:258,7
end_of_record
SF:/sdk1/wda_stable/openwrt/wda/src/hashtable-linux-kernel/list.h
DA:609,3507
DA:611,3507
DA:612,3507
DA:613,3507
DA:615,3507
DA:617,3507
DA:625,67858
DA:627,67858
DA:628,67858
DA:630,67858
DA:631,67858
DA:632,0
DA:635,64351
DA:637,64351
DA:638,64351
DA:639,64351
DA:642,3507
DA:644,3507
DA:645,3507
DA:646,3507
DA:650,67858
DA:652,67858
DA:653,67858
DA:654,67858
DA:655,23387
DA:656,67858
DA:657,14
end_of_record
TN:
SF:/sdk1/wda_stable/openwrt/wda/src/hashtable-linux-kernel/test/test_deque.c
FN:6,setUp
FNDA:7,setUp
FN:7,tearDown
FNDA:7,tearDown
FN:9,test_deque_create
FNDA:7,test_deque_create
FN:44,main
FNDA:7,main
DA:6,7
DA:7,7
DA:9,7
DA:11,7
DA:14,7
DA:15,7
DA:16,7
DA:20,7
DA:21,7
DA:22,7
DA:23,7
DA:24,7
DA:25,7
DA:30,7
DA:31,7
DA:32,7
DA:33,7
DA:34,7
DA:35,7
DA:39,7
DA:41,7
DA:42,7
DA:44,7
DA:45,7
DA:46,7
DA:47,7
end_of_record
TN:
SF:/sdk1/wda_stable/openwrt/wda/src/hashtable-linux-kernel/test/test_assoc_array_net_data.c
FN:10,setUp
FNDA:7,setUp
FN:11,tearDown
FNDA:7,tearDown
FN:23,free_entry
FNDA:1799,free_entry
FN:38,fill_entry
FNDA:1799,fill_entry
FN:49,test_mac_node_operations
FNDA:7,test_mac_node_operations
FN:111,main
FNDA:7,main
DA:10,7
DA:11,7
DA:23,1799
DA:24,1799
DA:25,1799
DA:27,1799
DA:28,1799
DA:31,1799
DA:35,1799
DA:36,1799
DA:38,1799
DA:41,1799
DA:42,1799
DA:43,1799
DA:44,1799
DA:49,7
DA:51,7
DA:52,7
DA:55,1799
DA:56,1792
DA:57,1792
DA:58,0
DA:59,0
DA:60,0
DA:62,1792
DA:63,12544
DA:64,10752
DA:66,1792
DA:67,1792
DA:68,1792
DA:71,1792
DA:72,1792
DA:75,1792
DA:79,7
DA:80,7
DA:81,0
DA:82,0
DA:83,0
DA:87,7
DA:88,7
DA:89,0
DA:90,0
DA:91,0
DA:93,7
DA:94,49
DA:95,42
DA:97,7
DA:99,7
DA:100,7
DA:103,7
DA:104,0
DA:107,7
DA:111,7
DA:112,7
DA:113,7
DA:115,7
end_of_record
TN:
SF:/sdk1/wda_stable/openwrt/wda/src/hashtable-linux-kernel/hash.h
FN:164,hash_time33
FNDA:12803,hash_time33
DA:164,12803
DA:166,12803
DA:168,20139
DA:169,7336
DA:170,7336
DA:171,7336
DA:172,7336
DA:173,7336
DA:174,7336
DA:175,7336
DA:176,7336
DA:179,12803
DA:180,1575
DA:181,5411
DA:182,5481
DA:183,5481
DA:184,5481
DA:185,5481
DA:186,5593
DA:191,12803
end_of_record
SF:/sdk1/wda_stable/openwrt/wda/src/hashtable-linux-kernel/hashtable.h
DA:75,12803
DA:76,12803
DA:354,3752
DA:355,7504
end_of_record
SF:/sdk1/wda_stable/openwrt/wda/src/hashtable-linux-kernel/compiler.h
DA:157,7406
DA:159,7406
DA:163,6286
end_of_record
SF:/sdk1/wda_stable/openwrt/wda/src/hashtable-linux-kernel/assoc_array.c
FN:15,set_ht_create
FNDA:14,set_ht_create
FN:19,fill_assoc_array_entry
FNDA:3780,fill_assoc_array_entry
FN:30,free_assoc_array_entry
FNDA:7,free_assoc_array_entry
FN:39,array_create
FNDA:98,array_create
FN:68,array_get_by_key
FNDA:7238,array_get_by_key
FN:88,array_add
FNDA:5607,array_add
FN:111,array_del
FNDA:5404,array_del
FN:124,array_add_replace
FNDA:1813,array_add_replace
FN:131,array_free
FNDA:84,array_free
FN:152,array_get_first
FNDA:7,array_get_first
FN:156,array_get_last
FNDA:14,array_get_last
FN:160,_array_del_first
FNDA:21,_array_del_first
FN:181,array_del_first
FNDA:7,array_del_first
FN:185,array_del_last
FNDA:14,array_del_last
DA:15,14
DA:16,14
DA:17,14
DA:19,3780
DA:20,3780
DA:21,3780
DA:22,3780
DA:23,3780
DA:24,3780
DA:25,3780
DA:30,7
DA:31,7
DA:32,7
DA:33,7
DA:34,7
DA:35,7
DA:39,98
DA:42,98
DA:43,98
DA:44,7
DA:45,7
DA:49,91
DA:50,91
DA:51,7
DA:52,7
DA:53,7
DA:57,84
DA:60,84
DA:62,84
DA:63,84
DA:65,84
DA:68,7238
DA:69,7238
DA:71,7224
DA:72,7224
DA:74,7224
DA:75,7224
DA:78,12705
DA:81,7315
DA:82,1834
DA:88,5607
DA:89,5607
DA:90,5593
DA:91,5593
DA:92,7
DA:93,7
DA:96,5586
DA:97,5586
DA:98,7
DA:99,7
DA:100,7
DA:103,5579
DA:104,5579
DA:105,5579
DA:106,5579
DA:108,5579
DA:111,5404
DA:112,5404
DA:113,5404
DA:115,5404
DA:117,1806
DA:118,1806
DA:119,1806
DA:120,1806
DA:121,1806
DA:124,1813
DA:125,1813
DA:126,1813
DA:128,1813
DA:131,84
DA:132,84
DA:135,86268
DA:138,84
DA:140,84
DA:143,21
DA:144,21
DA:145,21
DA:146,7
DA:148,14
DA:152,7
DA:153,7
DA:156,14
DA:157,14
DA:160,21
DA:161,21
DA:162,21
DA:163,21
DA:164,7
DA:166,14
DA:168,21
DA:171,21
DA:172,21
DA:175,21
DA:176,21
DA:178,21
DA:181,7
DA:182,7
DA:185,14
DA:186,14
end_of_record
SF:/sdk1/wda_stable/openwrt/wda/src/hashtable-linux-kernel/list.h
DA:25,84
DA:27,84
DA:28,84
DA:38,5579
DA:42,5579
DA:43,5579
DA:44,5579
DA:45,5579
DA:75,5579
DA:77,5579
DA:87,1827
DA:89,1827
DA:90,1827
DA:105,1827
DA:107,1827
DA:108,1827
DA:109,1827
DA:187,42
DA:189,42
DA:609,3752
DA:611,3752
DA:612,3752
DA:613,3752
DA:615,3752
DA:617,3752
DA:625,5579
DA:627,5579
DA:628,5579
DA:630,5579
DA:631,5579
DA:632,1456
DA:635,1827
DA:637,1827
DA:638,1827
DA:639,1827
DA:642,3752
DA:644,3752
DA:645,3752
DA:646,3752
DA:650,5579
DA:652,5579
DA:653,5579
DA:654,5579
DA:655,1974
DA:656,5579
DA:657,5579
end_of_record
TN:
SF:/sdk1/wda_stable/openwrt/wda/src/hashtable-linux-kernel/mock_mem_functions.c
FN:8,set_memory_functions
FNDA:42,set_memory_functions
DA:8,42
DA:9,42
DA:10,42
DA:11,42
DA:12,42
end_of_record
